D:\WORKSTATION\VS PROJECTS\AUTOVOTE\AUTOVOTE\AUTOVOTE_H.H
D:\WORKSTATION\VS PROJECTS\AUTOVOTE\AUTOVOTE\AUTOVOTE_I.C
D:\WORKSTATION\VS PROJECTS\AUTOVOTE\AUTOVOTE\DEBUG\AUTOVOTE.EXE.EMBED.MANIFEST
D:\WORKSTATION\VS PROJECTS\AUTOVOTE\AUTOVOTE\DEBUG\AUTOVOTE.EXE.EMBED.MANIFEST.RES
D:\WORKSTATION\VS PROJECTS\AUTOVOTE\AUTOVOTE\DEBUG\AUTOVOTE.EXE.INTERMEDIATE.MANIFEST
D:\WORKSTATION\VS PROJECTS\AUTOVOTE\AUTOVOTE\DEBUG\AUTOVOTE.OBJ
D:\WORKSTATION\VS PROJECTS\AUTOVOTE\AUTOVOTE\DEBUG\AUTOVOTE.PCH
D:\WORKSTATION\VS PROJECTS\AUTOVOTE\AUTOVOTE\DEBUG\AUTOVOTE.RES
D:\WORKSTATION\VS PROJECTS\AUTOVOTE\AUTOVOTE\DEBUG\AUTOVOTE.TLB
d:\Workstation\VS Projects\AutoVote\AutoVote\Debug\AutoVote_manifest.rc
D:\WORKSTATION\VS PROJECTS\AUTOVOTE\AUTOVOTE\DEBUG\AUTOVOTEDLG.OBJ
d:\Workstation\VS Projects\AutoVote\AutoVote\Debug\cl.command.1.tlog
d:\Workstation\VS Projects\AutoVote\AutoVote\Debug\CL.read.1.tlog
d:\Workstation\VS Projects\AutoVote\AutoVote\Debug\CL.write.1.tlog
D:\WORKSTATION\VS PROJECTS\AUTOVOTE\AUTOVOTE\DEBUG\DLGPROXY.OBJ
d:\Workstation\VS Projects\AutoVote\AutoVote\Debug\link.3804.read.1.tlog
d:\Workstation\VS Projects\AutoVote\AutoVote\Debug\link.3804.write.1.tlog
d:\Workstation\VS Projects\AutoVote\AutoVote\Debug\link.3804-cvtres.read.1.tlog
d:\Workstation\VS Projects\AutoVote\AutoVote\Debug\link.3804-cvtres.write.1.tlog
d:\Workstation\VS Projects\AutoVote\AutoVote\Debug\link.command.1.tlog
d:\Workstation\VS Projects\AutoVote\AutoVote\Debug\link.read.1.tlog
d:\Workstation\VS Projects\AutoVote\AutoVote\Debug\link.write.1.tlog
d:\Workstation\VS Projects\AutoVote\AutoVote\Debug\link-cvtres.read.1.tlog
d:\Workstation\VS Projects\AutoVote\AutoVote\Debug\link-cvtres.write.1.tlog
d:\Workstation\VS Projects\AutoVote\AutoVote\Debug\midl.command.1.tlog
d:\Workstation\VS Projects\AutoVote\AutoVote\Debug\midl.read.1.tlog
d:\Workstation\VS Projects\AutoVote\AutoVote\Debug\midl.write.1.tlog
d:\Workstation\VS Projects\AutoVote\AutoVote\Debug\midl-midlc.read.1.tlog
d:\Workstation\VS Projects\AutoVote\AutoVote\Debug\midl-midlc.write.1.tlog
d:\Workstation\VS Projects\AutoVote\AutoVote\Debug\midl-midlc-cl.read.1.tlog
d:\Workstation\VS Projects\AutoVote\AutoVote\Debug\midl-midlc-cl.write.1.tlog
d:\Workstation\VS Projects\AutoVote\AutoVote\Debug\mt.command.1.tlog
d:\Workstation\VS Projects\AutoVote\AutoVote\Debug\mt.read.1.tlog
d:\Workstation\VS Projects\AutoVote\AutoVote\Debug\mt.write.1.tlog
d:\Workstation\VS Projects\AutoVote\AutoVote\Debug\rc.command.1.tlog
d:\Workstation\VS Projects\AutoVote\AutoVote\Debug\rc.read.1.tlog
d:\Workstation\VS Projects\AutoVote\AutoVote\Debug\rc.write.1.tlog
D:\WORKSTATION\VS PROJECTS\AUTOVOTE\AUTOVOTE\DEBUG\STDAFX.OBJ
d:\Workstation\VS Projects\AutoVote\AutoVote\Debug\vc100.idb
D:\WORKSTATION\VS PROJECTS\AUTOVOTE\AUTOVOTE\DEBUG\VC100.PDB
D:\WORKSTATION\VS PROJECTS\AUTOVOTE\DEBUG\AUTOVOTE.EXE
D:\WORKSTATION\VS PROJECTS\AUTOVOTE\DEBUG\AUTOVOTE.ILK
D:\WORKSTATION\VS PROJECTS\AUTOVOTE\DEBUG\AUTOVOTE.PDB
